{"level":"error","message":"uncaughtException: Cannot find module 'express-validator'\nRequire stack:\n- C:\\Users\\marku\\OneDrive\\Dokumente\\markus_data\\Software Development\\Visual_Studio_Projects\\OEE_calculator\\routes\\oeeConfig.js\n- C:\\Users\\marku\\OneDrive\\Dokumente\\markus_data\\Software Development\\Visual_Studio_Projects\\OEE_calculator\\index.js\nError: Cannot find module 'express-validator'\nRequire stack:\n- C:\\Users\\marku\\OneDrive\\Dokumente\\markus_data\\Software Development\\Visual_Studio_Projects\\OEE_calculator\\routes\\oeeConfig.js\n- C:\\Users\\marku\\OneDrive\\Dokumente\\markus_data\\Software Development\\Visual_Studio_Projects\\OEE_calculator\\index.js\n    at Module._resolveFilename (node:internal/modules/cjs/loader:1075:15)\n    at Module._load (node:internal/modules/cjs/loader:920:27)\n    at Module.require (node:internal/modules/cjs/loader:1141:19)\n    at require (node:internal/modules/cjs/helpers:110:18)\n    at Object.<anonymous> (C:\\Users\\marku\\OneDrive\\Dokumente\\markus_data\\Software Development\\Visual_Studio_Projects\\OEE_calculator\\routes\\oeeConfig.js:5:36)\n    at Module._compile (node:internal/modules/cjs/loader:1254:14)\n    at Module._extensions..js (node:internal/modules/cjs/loader:1308:10)\n    at Module.load (node:internal/modules/cjs/loader:1117:32)\n    at Module._load (node:internal/modules/cjs/loader:958:12)\n    at Module.require (node:internal/modules/cjs/loader:1141:19)","timestamp":"2024-07-01T19:06:37.859Z"}
{"level":"error","message":"uncaughtException: Cannot find module 'express-validator'\nRequire stack:\n- C:\\Users\\marku\\OneDrive\\Dokumente\\markus_data\\Software Development\\Visual_Studio_Projects\\OEE_calculator\\routes\\oeeConfig.js\n- C:\\Users\\marku\\OneDrive\\Dokumente\\markus_data\\Software Development\\Visual_Studio_Projects\\OEE_calculator\\index.js\nError: Cannot find module 'express-validator'\nRequire stack:\n- C:\\Users\\marku\\OneDrive\\Dokumente\\markus_data\\Software Development\\Visual_Studio_Projects\\OEE_calculator\\routes\\oeeConfig.js\n- C:\\Users\\marku\\OneDrive\\Dokumente\\markus_data\\Software Development\\Visual_Studio_Projects\\OEE_calculator\\index.js\n    at Module._resolveFilename (node:internal/modules/cjs/loader:1075:15)\n    at Module._load (node:internal/modules/cjs/loader:920:27)\n    at Module.require (node:internal/modules/cjs/loader:1141:19)\n    at require (node:internal/modules/cjs/helpers:110:18)\n    at Object.<anonymous> (C:\\Users\\marku\\OneDrive\\Dokumente\\markus_data\\Software Development\\Visual_Studio_Projects\\OEE_calculator\\routes\\oeeConfig.js:5:36)\n    at Module._compile (node:internal/modules/cjs/loader:1254:14)\n    at Module._extensions..js (node:internal/modules/cjs/loader:1308:10)\n    at Module.load (node:internal/modules/cjs/loader:1117:32)\n    at Module._load (node:internal/modules/cjs/loader:958:12)\n    at Module.require (node:internal/modules/cjs/loader:1141:19)","timestamp":"2024-07-01T19:08:07.099Z"}
{"level":"error","message":"uncaughtException: Cannot find module 'express-validator'\nRequire stack:\n- C:\\Users\\marku\\OneDrive\\Dokumente\\markus_data\\Software Development\\Visual_Studio_Projects\\OEE_calculator\\routes\\oeeConfig.js\n- C:\\Users\\marku\\OneDrive\\Dokumente\\markus_data\\Software Development\\Visual_Studio_Projects\\OEE_calculator\\index.js\nError: Cannot find module 'express-validator'\nRequire stack:\n- C:\\Users\\marku\\OneDrive\\Dokumente\\markus_data\\Software Development\\Visual_Studio_Projects\\OEE_calculator\\routes\\oeeConfig.js\n- C:\\Users\\marku\\OneDrive\\Dokumente\\markus_data\\Software Development\\Visual_Studio_Projects\\OEE_calculator\\index.js\n    at Module._resolveFilename (node:internal/modules/cjs/loader:1075:15)\n    at Module._load (node:internal/modules/cjs/loader:920:27)\n    at Module.require (node:internal/modules/cjs/loader:1141:19)\n    at require (node:internal/modules/cjs/helpers:110:18)\n    at Object.<anonymous> (C:\\Users\\marku\\OneDrive\\Dokumente\\markus_data\\Software Development\\Visual_Studio_Projects\\OEE_calculator\\routes\\oeeConfig.js:5:36)\n    at Module._compile (node:internal/modules/cjs/loader:1254:14)\n    at Module._extensions..js (node:internal/modules/cjs/loader:1308:10)\n    at Module.load (node:internal/modules/cjs/loader:1117:32)\n    at Module._load (node:internal/modules/cjs/loader:958:12)\n    at Module.require (node:internal/modules/cjs/loader:1141:19)","timestamp":"2024-07-01T19:09:32.789Z"}
{"level":"error","message":"uncaughtException: Cannot find module 'express-validator'\nRequire stack:\n- C:\\Users\\marku\\OneDrive\\Dokumente\\markus_data\\Software Development\\Visual_Studio_Projects\\OEE_calculator\\routes\\oeeConfig.js\n- C:\\Users\\marku\\OneDrive\\Dokumente\\markus_data\\Software Development\\Visual_Studio_Projects\\OEE_calculator\\index.js\nError: Cannot find module 'express-validator'\nRequire stack:\n- C:\\Users\\marku\\OneDrive\\Dokumente\\markus_data\\Software Development\\Visual_Studio_Projects\\OEE_calculator\\routes\\oeeConfig.js\n- C:\\Users\\marku\\OneDrive\\Dokumente\\markus_data\\Software Development\\Visual_Studio_Projects\\OEE_calculator\\index.js\n    at Module._resolveFilename (node:internal/modules/cjs/loader:1075:15)\n    at Module._load (node:internal/modules/cjs/loader:920:27)\n    at Module.require (node:internal/modules/cjs/loader:1141:19)\n    at require (node:internal/modules/cjs/helpers:110:18)\n    at Object.<anonymous> (C:\\Users\\marku\\OneDrive\\Dokumente\\markus_data\\Software Development\\Visual_Studio_Projects\\OEE_calculator\\routes\\oeeConfig.js:5:36)\n    at Module._compile (node:internal/modules/cjs/loader:1254:14)\n    at Module._extensions..js (node:internal/modules/cjs/loader:1308:10)\n    at Module.load (node:internal/modules/cjs/loader:1117:32)\n    at Module._load (node:internal/modules/cjs/loader:958:12)\n    at Module.require (node:internal/modules/cjs/loader:1141:19)","timestamp":"2024-07-01T19:10:13.156Z"}
{"level":"error","message":"uncaughtException: missing ) after argument list\nC:\\Users\\marku\\OneDrive\\Dokumente\\markus_data\\Software Development\\Visual_Studio_Projects\\OEE_calculator\\mqtt\\oeeCalculator.js:63\n            logger.error(Error writing to InfluxDB: $ { err });\n                         ^^^^^\n\nSyntaxError: missing ) after argument list\n    at internalCompileFunction (node:internal/vm:73:18)\n    at wrapSafe (node:internal/modules/cjs/loader:1176:20)\n    at Module._compile (node:internal/modules/cjs/loader:1218:27)\n    at Module._extensions..js (node:internal/modules/cjs/loader:1308:10)\n    at Module.load (node:internal/modules/cjs/loader:1117:32)\n    at Module._load (node:internal/modules/cjs/loader:958:12)\n    at Module.require (node:internal/modules/cjs/loader:1141:19)\n    at require (node:internal/modules/cjs/helpers:110:18)\n    at Object.<anonymous> (C:\\Users\\marku\\OneDrive\\Dokumente\\markus_data\\Software Development\\Visual_Studio_Projects\\OEE_calculator\\mqtt\\mqttClient.js:5:46)\n    at Module._compile (node:internal/modules/cjs/loader:1254:14)","timestamp":"2024-07-01T19:11:11.331Z"}
{"level":"error","message":"uncaughtException: missing ) after argument list\nC:\\Users\\marku\\OneDrive\\Dokumente\\markus_data\\Software Development\\Visual_Studio_Projects\\OEE_calculator\\mqtt\\oeeCalculator.js:63\n            logger.error(Error writing to InfluxDB: $ { err });\n                         ^^^^^\n\nSyntaxError: missing ) after argument list\n    at internalCompileFunction (node:internal/vm:73:18)\n    at wrapSafe (node:internal/modules/cjs/loader:1176:20)\n    at Module._compile (node:internal/modules/cjs/loader:1218:27)\n    at Module._extensions..js (node:internal/modules/cjs/loader:1308:10)\n    at Module.load (node:internal/modules/cjs/loader:1117:32)\n    at Module._load (node:internal/modules/cjs/loader:958:12)\n    at Module.require (node:internal/modules/cjs/loader:1141:19)\n    at require (node:internal/modules/cjs/helpers:110:18)\n    at Object.<anonymous> (C:\\Users\\marku\\OneDrive\\Dokumente\\markus_data\\Software Development\\Visual_Studio_Projects\\OEE_calculator\\mqtt\\mqttClient.js:5:46)\n    at Module._compile (node:internal/modules/cjs/loader:1254:14)","timestamp":"2024-07-01T19:11:20.405Z"}
{"level":"error","message":"uncaughtException: missing ) after argument list\nC:\\Users\\marku\\OneDrive\\Dokumente\\markus_data\\Software Development\\Visual_Studio_Projects\\OEE_calculator\\mqtt\\oeeCalculator.js:63\n            logger.error(Error writing to InfluxDB: $ { err });\n                         ^^^^^\n\nSyntaxError: missing ) after argument list\n    at internalCompileFunction (node:internal/vm:73:18)\n    at wrapSafe (node:internal/modules/cjs/loader:1176:20)\n    at Module._compile (node:internal/modules/cjs/loader:1218:27)\n    at Module._extensions..js (node:internal/modules/cjs/loader:1308:10)\n    at Module.load (node:internal/modules/cjs/loader:1117:32)\n    at Module._load (node:internal/modules/cjs/loader:958:12)\n    at Module.require (node:internal/modules/cjs/loader:1141:19)\n    at require (node:internal/modules/cjs/helpers:110:18)\n    at Object.<anonymous> (C:\\Users\\marku\\OneDrive\\Dokumente\\markus_data\\Software Development\\Visual_Studio_Projects\\OEE_calculator\\mqtt\\mqttClient.js:5:46)\n    at Module._compile (node:internal/modules/cjs/loader:1254:14)","timestamp":"2024-07-01T19:11:53.540Z"}
{"level":"error","message":"uncaughtException: missing ) after argument list\nC:\\Users\\marku\\OneDrive\\Dokumente\\markus_data\\Software Development\\Visual_Studio_Projects\\OEE_calculator\\mqtt\\oeeCalculator.js:63\n            logger.error(Error writing to InfluxDB: $ { err });\n                         ^^^^^\n\nSyntaxError: missing ) after argument list\n    at internalCompileFunction (node:internal/vm:73:18)\n    at wrapSafe (node:internal/modules/cjs/loader:1176:20)\n    at Module._compile (node:internal/modules/cjs/loader:1218:27)\n    at Module._extensions..js (node:internal/modules/cjs/loader:1308:10)\n    at Module.load (node:internal/modules/cjs/loader:1117:32)\n    at Module._load (node:internal/modules/cjs/loader:958:12)\n    at Module.require (node:internal/modules/cjs/loader:1141:19)\n    at require (node:internal/modules/cjs/helpers:110:18)\n    at Object.<anonymous> (C:\\Users\\marku\\OneDrive\\Dokumente\\markus_data\\Software Development\\Visual_Studio_Projects\\OEE_calculator\\mqtt\\mqttClient.js:5:46)\n    at Module._compile (node:internal/modules/cjs/loader:1254:14)","timestamp":"2024-07-01T19:12:26.097Z"}
{"level":"error","message":"uncaughtException: missing ) after argument list\nC:\\Users\\marku\\OneDrive\\Dokumente\\markus_data\\Software Development\\Visual_Studio_Projects\\OEE_calculator\\mqtt\\oeeCalculator.js:63\n            logger.error(Error writing to InfluxDB: $ { err });\n                         ^^^^^\n\nSyntaxError: missing ) after argument list\n    at internalCompileFunction (node:internal/vm:73:18)\n    at wrapSafe (node:internal/modules/cjs/loader:1176:20)\n    at Module._compile (node:internal/modules/cjs/loader:1218:27)\n    at Module._extensions..js (node:internal/modules/cjs/loader:1308:10)\n    at Module.load (node:internal/modules/cjs/loader:1117:32)\n    at Module._load (node:internal/modules/cjs/loader:958:12)\n    at Module.require (node:internal/modules/cjs/loader:1141:19)\n    at require (node:internal/modules/cjs/helpers:110:18)\n    at Object.<anonymous> (C:\\Users\\marku\\OneDrive\\Dokumente\\markus_data\\Software Development\\Visual_Studio_Projects\\OEE_calculator\\mqtt\\mqttClient.js:5:46)\n    at Module._compile (node:internal/modules/cjs/loader:1254:14)","timestamp":"2024-07-01T19:14:52.320Z"}
